<?xml version="1.0" encoding="UTF-8"?>
<testsuite name="com.calc.expense.NotionIdsTest" tests="9" skipped="0" failures="0" errors="0" timestamp="2026-08-26T10:30:43" hostname="최재호" time="0.008">
  <properties/>
  <testcase name="해석 불가한 값은 그대로 반환" classname="com.calc.expense.NotionIdsTest" time="0.001"/>
  <testcase name="대문자는 소문자로" classname="com.calc.expense.NotionIdsTest" time="0.002"/>
  <testcase name="제목이 붙은 URL" classname="com.calc.expense.NotionIdsTest" time="0.001"/>
  <testcase name="맨 ID 그대로" classname="com.calc.expense.NotionIdsTest" time="0.0"/>
  <testcase name="URL에서 추출" classname="com.calc.expense.NotionIdsTest" time="0.0"/>
  <testcase name="앞뒤 공백" classname="com.calc.expense.NotionIdsTest" time="0.0"/>
  <testcase name="대시가 있는 UUID" classname="com.calc.expense.NotionIdsTest" time="0.0"/>
  <testcase name="쿼리스트링의 뷰 ID는 무시" classname="com.calc.expense.NotionIdsTest" time="0.002"/>
  <testcase name="빈 문자열" classname="com.calc.expense.NotionIdsTest" time="0.0"/>
  <system-out><![CDATA[]]></system-out>
  <system-err><![CDATA[]]></system-err>
</testsuite>
